<?xml version="1.0" encoding="UTF-8"?>
<!-- Generated by org.testng.reporters.JUnitXMLReporter -->
<testsuite hostname="WIN-BTTDSHHJH2I" ignored="0" name="kdybg api test" tests="57" failures="3" timestamp="29 十一月 2018 07:20:31 GMT" time="13.903" errors="0">
  <testcase name="testUpdateIsNotPackedByDeviceIdAndTerminalCode" time="4.561" classname="com.yungui.kdybg.apis.CreateKdybgOrderTest"/>
  <testcase name="testUpdateIsNotPackedByDeviceIdAndTerminalCode" time="0.308" classname="com.yungui.kdybg.apis.CreateKdybgOrderTest"/>
  <testcase name="testDelDeviceIntend" time="0.342" classname="com.yungui.kdybg.apis.DelDeviceIntendTest"/>
  <testcase name="testDelDeviceIntend" time="0.01" classname="com.yungui.kdybg.apis.DelDeviceIntendTest"/>
  <testcase name="testDelDeviceIntend" time="0.019" classname="com.yungui.kdybg.apis.DelDeviceIntendTest"/>
  <testcase name="testDelDeviceIntend" time="0.011" classname="com.yungui.kdybg.apis.DelDeviceIntendTest"/>
  <testcase name="testDelDeviceIntend" time="0.009" classname="com.yungui.kdybg.apis.DelDeviceIntendTest"/>
  <testcase name="testInitColumnConfigByDeviceId" time="0.42" classname="com.yungui.kdybg.apis.InitColumnConfigByDeivceIdTest"/>
  <testcase name="testInitColumnConfigByDeviceId" time="0.088" classname="com.yungui.kdybg.apis.InitColumnConfigByDeivceIdTest"/>
  <testcase name="testInitColumnConfigByDeviceId" time="0.047" classname="com.yungui.kdybg.apis.InitColumnConfigByDeivceIdTest"/>
  <testcase name="testInitColumnConfigByDeviceId" time="0.029" classname="com.yungui.kdybg.apis.InitColumnConfigByDeivceIdTest"/>
  <testcase name="testInitColumnConfigByDeviceId" time="0.023" classname="com.yungui.kdybg.apis.InitColumnConfigByDeivceIdTest"/>
  <testcase name="testGetDeviceIntendList" time="0.105" classname="com.yungui.kdybg.apis.GetDeviceIntendListTest"/>
  <testcase name="testGetDeviceIntendList" time="0.015" classname="com.yungui.kdybg.apis.GetDeviceIntendListTest"/>
  <testcase name="testJudgePostmanPack" time="0.359" classname="com.yungui.kdybg.apis.JudgePostmanPackTest"/>
  <testcase name="testJudgePostmanPack" time="0.01" classname="com.yungui.kdybg.apis.JudgePostmanPackTest"/>
  <testcase name="testJudgePostmanPack" time="0.009" classname="com.yungui.kdybg.apis.JudgePostmanPackTest"/>
  <testcase name="testJudgePostmanPack" time="0.098" classname="com.yungui.kdybg.apis.JudgePostmanPackTest"/>
  <testcase name="testJudgePostmanPack" time="0.021" classname="com.yungui.kdybg.apis.JudgePostmanPackTest"/>
  <testcase name="testJudgePostmanPack" time="0.019" classname="com.yungui.kdybg.apis.JudgePostmanPackTest"/>
  <testcase name="testJudgePostmanPack" time="0.013" classname="com.yungui.kdybg.apis.JudgePostmanPackTest"/>
  <testcase name="testJudgePostmanPack" time="0.002" classname="com.yungui.kdybg.apis.JudgePostmanPackTest">
    <failure type="java.lang.NumberFormatException" message="For input string: &amp;quot;@@@@@&amp;quot;">
      <![CDATA[java.lang.NumberFormatException: For input string: "@@@@@"at java.lang.NumberFormatException.forInputString(NumberFormatException.java:65)at java.lang.Long.parseLong(Long.java:589)at java.lang.Long.parseLong(Long.java:631)at com.yungui.kdybg.apis.JudgePostmanPackTest.testJudgePostmanPack(JudgePostmanPackTest.java:36)at sun.reflect.NativeMethodAccessorImpl.invoke0(Native Method)at sun.reflect.NativeMethodAccessorImpl.invoke(NativeMethodAccessorImpl.java:62)at sun.reflect.DelegatingMethodAccessorImpl.invoke(DelegatingMethodAccessorImpl.java:43)at java.lang.reflect.Method.invoke(Method.java:498)at org.testng.internal.MethodInvocationHelper.invokeMethod(MethodInvocationHelper.java:124)at org.testng.internal.Invoker.invokeMethod(Invoker.java:571)at org.testng.internal.Invoker.invokeTestMethod(Invoker.java:707)at org.testng.internal.Invoker.invokeTestMethods(Invoker.java:979)at org.testng.internal.TestMethodWorker.invokeTestMethods(TestMethodWorker.java:125)at org.testng.internal.TestMethodWorker.run(TestMethodWorker.java:109)at org.testng.TestRunner.privateRun(TestRunner.java:648)at org.testng.TestRunner.run(TestRunner.java:505)at org.testng.SuiteRunner.runTest(SuiteRunner.java:455)at org.testng.SuiteRunner.runSequentially(SuiteRunner.java:450)at org.testng.SuiteRunner.privateRun(SuiteRunner.java:415)at org.testng.SuiteRunner.run(SuiteRunner.java:364)at org.testng.SuiteRunnerWorker.runSuite(SuiteRunnerWorker.java:52)at org.testng.SuiteRunnerWorker.run(SuiteRunnerWorker.java:84)at org.testng.TestNG.runSuitesSequentially(TestNG.java:1187)at org.testng.TestNG.runSuitesLocally(TestNG.java:1116)at org.testng.TestNG.runSuites(TestNG.java:1028)at org.testng.TestNG.run(TestNG.java:996)at org.testng.remote.AbstractRemoteTestNG.run(AbstractRemoteTestNG.java:114)at org.testng.remote.RemoteTestNG.initAndRun(RemoteTestNG.java:251)at org.testng.remote.RemoteTestNG.main(RemoteTestNG.java:77)]]>
    </failure>
  </testcase> <!-- testJudgePostmanPack -->
  <testcase name="testPackTerminal" time="0.133" classname="com.yungui.kdybg.apis.PackTerminalTest"/>
  <testcase name="testPackTerminal" time="0.116" classname="com.yungui.kdybg.apis.PackTerminalTest"/>
  <testcase name="testPackTerminal" time="0.048" classname="com.yungui.kdybg.apis.PackTerminalTest"/>
  <testcase name="testMergeConfig" time="0.046" classname="com.yungui.kdybg.apis.MergeConfigTest"/>
  <testcase name="testSynchroDataToChinanetException" time="3.325" classname="com.yungui.kdybg.apis.SynchroDataToChinanetExceptionTest">
    <failure type="com.alibaba.dubbo.rpc.RpcException" message="Failed to invoke the method $invoke in the service com.alibaba.dubbo.rpc.service.GenericService. Tried 3 times of the providers [10.1.166.121:20889, 10.1.166.115:20880, 10.1.166.122:20889] (3/5) from the registry 10.1.166.97:2181 on the consumer 10.1.129.229 using the dubbo version 2.8.4. Last error is: Invoke remote method timeout. method: $invoke, provider: dubbo://10.1.166.121:20889/com.yung.kdybg.service.ChinanetExceptionDubboService?anyhost=true&amp;amp;application=consumer-test&amp;amp;check=false&amp;amp;default.service.filter=tracerFilter,dubboLogFilter&amp;amp;dubbo=2.8.4&amp;amp;generic=true&amp;amp;interface=com.yung.kdybg.service.ChinanetExceptionDubboService&amp;amp;methods=getChinanetExceptionTerminalByDoorIds,synchroDataToChinanetException,getChinanetExceptionList,releaseAllParkException,getChinanetExceptionTerminal,releaseChinanetExceptionTerminal&amp;amp;module=site-servuce-springboot&amp;amp;pid=5820&amp;amp;revision=1.0.0-SNAPSHOT&amp;amp;serverApplicationName=site-servuce-springboot&amp;amp;side=consumer&amp;amp;timestamp=1543476024550&amp;amp;version=1.0.0, cause: Waiting server-side response timeout. start time: 2018-11-29 15:20:26.870, end time: 2018-11-29 15:20:27.871, client elapsed: 0 ms, server elapsed: 1001 ms, timeout: 1000 ms, request: Request [id=27, version=2.0.0, twoway=true, event=false, broken=false, data=RpcInvocation [methodName=$invoke, parameterTypes=[class java.lang.String, class [Ljava.lang.String;, class [Ljava.lang.Object;], arguments=[synchroDataToChinanetException, [Ljava.lang.String;@169fc08, [Ljava.lang.Object;@b12f8a], attachments={path=com.yung.kdybg.service.ChinanetExceptionDubboService, interface=com.yung.kdybg.service.ChinanetExceptionDubboService, version=1.0.0, generic=true}]], channel: /10.1.129.229:2965 -&amp;gt; /10.1.166.121:20889">
      <![CDATA[com.alibaba.dubbo.rpc.RpcException: Failed to invoke the method $invoke in the service com.alibaba.dubbo.rpc.service.GenericService. Tried 3 times of the providers [10.1.166.121:20889, 10.1.166.115:20880, 10.1.166.122:20889] (3/5) from the registry 10.1.166.97:2181 on the consumer 10.1.129.229 using the dubbo version 2.8.4. Last error is: Invoke remote method timeout. method: $invoke, provider: dubbo://10.1.166.121:20889/com.yung.kdybg.service.ChinanetExceptionDubboService?anyhost=true&application=consumer-test&check=false&default.service.filter=tracerFilter,dubboLogFilter&dubbo=2.8.4&generic=true&interface=com.yung.kdybg.service.ChinanetExceptionDubboService&methods=getChinanetExceptionTerminalByDoorIds,synchroDataToChinanetException,getChinanetExceptionList,releaseAllParkException,getChinanetExceptionTerminal,releaseChinanetExceptionTerminal&module=site-servuce-springboot&pid=5820&revision=1.0.0-SNAPSHOT&serverApplicationName=site-servuce-springboot&side=consumer&timestamp=1543476024550&version=1.0.0, cause: Waiting server-side response timeout. start time: 2018-11-29 15:20:26.870, end time: 2018-11-29 15:20:27.871, client elapsed: 0 ms, server elapsed: 1001 ms, timeout: 1000 ms, request: Request [id=27, version=2.0.0, twoway=true, event=false, broken=false, data=RpcInvocation [methodName=$invoke, parameterTypes=[class java.lang.String, class [Ljava.lang.String;, class [Ljava.lang.Object;], arguments=[synchroDataToChinanetException, [Ljava.lang.String;@169fc08, [Ljava.lang.Object;@b12f8a], attachments={path=com.yung.kdybg.service.ChinanetExceptionDubboService, interface=com.yung.kdybg.service.ChinanetExceptionDubboService, version=1.0.0, generic=true}]], channel: /10.1.129.229:2965 -> /10.1.166.121:20889at com.alibaba.dubbo.rpc.cluster.support.FailoverClusterInvoker.doInvoke(FailoverClusterInvoker.java:101)at com.alibaba.dubbo.rpc.cluster.support.AbstractClusterInvoker.invoke(AbstractClusterInvoker.java:227)at com.alibaba.dubbo.rpc.cluster.support.wrapper.MockClusterInvoker.invoke(MockClusterInvoker.java:72)at com.alibaba.dubbo.rpc.proxy.InvokerInvocationHandler.invoke(InvokerInvocationHandler.java:52)at com.alibaba.dubbo.common.bytecode.proxy4.$invoke(proxy4.java)at com.yungui.utils.DubboCallbackUtil.invoke(DubboCallbackUtil.java:120)at com.yungui.kdybg.apis.SynchroDataToChinanetExceptionTest.testSynchroDataToChinanetException(SynchroDataToChinanetExceptionTest.java:35)at sun.reflect.NativeMethodAccessorImpl.invoke0(Native Method)at sun.reflect.NativeMethodAccessorImpl.invoke(NativeMethodAccessorImpl.java:62)at sun.reflect.DelegatingMethodAccessorImpl.invoke(DelegatingMethodAccessorImpl.java:43)at java.lang.reflect.Method.invoke(Method.java:498)at org.testng.internal.MethodInvocationHelper.invokeMethod(MethodInvocationHelper.java:124)at org.testng.internal.Invoker.invokeMethod(Invoker.java:571)at org.testng.internal.Invoker.invokeTestMethod(Invoker.java:707)at org.testng.internal.Invoker.invokeTestMethods(Invoker.java:979)at org.testng.internal.TestMethodWorker.invokeTestMethods(TestMethodWorker.java:125)at org.testng.internal.TestMethodWorker.run(TestMethodWorker.java:109)at org.testng.TestRunner.privateRun(TestRunner.java:648)at org.testng.TestRunner.run(TestRunner.java:505)at org.testng.SuiteRunner.runTest(SuiteRunner.java:455)at org.testng.SuiteRunner.runSequentially(SuiteRunner.java:450)at org.testng.SuiteRunner.privateRun(SuiteRunner.java:415)at org.testng.SuiteRunner.run(SuiteRunner.java:364)at org.testng.SuiteRunnerWorker.runSuite(SuiteRunnerWorker.java:52)at org.testng.SuiteRunnerWorker.run(SuiteRunnerWorker.java:84)at org.testng.TestNG.runSuitesSequentially(TestNG.java:1187)at org.testng.TestNG.runSuitesLocally(TestNG.java:1116)at org.testng.TestNG.runSuites(TestNG.java:1028)at org.testng.TestNG.run(TestNG.java:996)at org.testng.remote.AbstractRemoteTestNG.run(AbstractRemoteTestNG.java:114)at org.testng.remote.RemoteTestNG.initAndRun(RemoteTestNG.java:251)at org.testng.remote.RemoteTestNG.main(RemoteTestNG.java:77)Caused by: com.alibaba.dubbo.remoting.TimeoutException: Waiting server-side response timeout. start time: 2018-11-29 15:20:26.870, end time: 2018-11-29 15:20:27.871, client elapsed: 0 ms, server elapsed: 1001 ms, timeout: 1000 ms, request: Request [id=27, version=2.0.0, twoway=true, event=false, broken=false, data=RpcInvocation [methodName=$invoke, parameterTypes=[class java.lang.String, class [Ljava.lang.String;, class [Ljava.lang.Object;], arguments=[synchroDataToChinanetException, [Ljava.lang.String;@169fc08, [Ljava.lang.Object;@b12f8a], attachments={path=com.yung.kdybg.service.ChinanetExceptionDubboService, interface=com.yung.kdybg.service.ChinanetExceptionDubboService, version=1.0.0, generic=true}]], channel: /10.1.129.229:2965 -> /10.1.166.121:20889at com.alibaba.dubbo.remoting.exchange.support.DefaultFuture.get(DefaultFuture.java:107)at com.alibaba.dubbo.remoting.exchange.support.DefaultFuture.get(DefaultFuture.java:84)at com.alibaba.dubbo.rpc.protocol.dubbo.DubboInvoker.doInvoke(DubboInvoker.java:96)at com.alibaba.dubbo.rpc.protocol.AbstractInvoker.invoke(AbstractInvoker.java:144)at com.alibaba.dubbo.rpc.listener.ListenerInvokerWrapper.invoke(ListenerInvokerWrapper.java:74)at com.alibaba.dubbo.rpc.filter.GenericImplFilter.invoke(GenericImplFilter.java:173)at com.alibaba.dubbo.rpc.protocol.ProtocolFilterWrapper$1.invoke(ProtocolFilterWrapper.java:91)at com.alibaba.dubbo.monitor.support.MonitorFilter.invoke(MonitorFilter.java:75)at com.alibaba.dubbo.rpc.protocol.ProtocolFilterWrapper$1.invoke(ProtocolFilterWrapper.java:91)at com.alibaba.dubbo.rpc.protocol.dubbo.filter.FutureFilter.invoke(FutureFilter.java:53)at com.alibaba.dubbo.rpc.protocol.ProtocolFilterWrapper$1.invoke(ProtocolFilterWrapper.java:91)at com.alibaba.dubbo.rpc.filter.ConsumerContextFilter.invoke(ConsumerContextFilter.java:48)at com.alibaba.dubbo.rpc.protocol.ProtocolFilterWrapper$1.invoke(ProtocolFilterWrapper.java:91)at com.alibaba.dubbo.rpc.protocol.InvokerWrapper.invoke(InvokerWrapper.java:53)at com.alibaba.dubbo.rpc.cluster.support.FailoverClusterInvoker.doInvoke(FailoverClusterInvoker.java:77)... 31 more]]>
    </failure>
  </testcase> <!-- testSynchroDataToChinanetException -->
  <testcase name="testGetTerminalPostmanPackList" time="0.634" classname="com.yungui.kdybg.apis.GetTerminalPostmanPackListTest"/>
  <testcase name="testGetPostmanPackOutTradeNo" time="0.051" classname="com.yungui.kdybg.apis.GetPostmanPackOutTradeNoTest"/>
  <testcase name="testGetPostmanPackOutTradeNo" time="0.015" classname="com.yungui.kdybg.apis.GetPostmanPackOutTradeNoTest"/>
  <testcase name="testGetPostmanPackOutTradeNo" time="0.01" classname="com.yungui.kdybg.apis.GetPostmanPackOutTradeNoTest"/>
  <testcase name="testGetPostmanPackOutTradeNo" time="0.01" classname="com.yungui.kdybg.apis.GetPostmanPackOutTradeNoTest"/>
  <testcase name="testGetPostmanPackOutTradeNo" time="0.029" classname="com.yungui.kdybg.apis.GetPostmanPackOutTradeNoTest"/>
  <testcase name="testUpdateSitePostmanPackMonthUseRate" time="0.227" classname="com.yungui.kdybg.apis.UpdateSitePostmanPackMonthUseRateTest"/>
  <testcase name="testGetPostmanDeviceListForWechat" time="0.649" classname="com.yungui.kdybg.apis.GetPostmanDeviceListForWechatTest"/>
  <testcase name="testGetTerminalPostmanPack" time="0.022" classname="com.yungui.kdybg.apis.GetTerminalPostmanPackTest"/>
  <testcase name="testGetTerminalPostmanPack" time="0.012" classname="com.yungui.kdybg.apis.GetTerminalPostmanPackTest"/>
  <testcase name="testGetTerminalPostmanPack" time="0.011" classname="com.yungui.kdybg.apis.GetTerminalPostmanPackTest"/>
  <testcase name="testGetTerminalPostmanPack" time="0.023" classname="com.yungui.kdybg.apis.GetTerminalPostmanPackTest"/>
  <testcase name="testGetTerminalPostmanPack" time="0.01" classname="com.yungui.kdybg.apis.GetTerminalPostmanPackTest"/>
  <testcase name="testGetTerminalPostmanPack" time="0.061" classname="com.yungui.kdybg.apis.GetTerminalPostmanPackTest"/>
  <testcase name="testGetTerminalPostmanPack" time="0.019" classname="com.yungui.kdybg.apis.GetTerminalPostmanPackTest"/>
  <testcase name="testGetTerminalPostmanPack" time="0.01" classname="com.yungui.kdybg.apis.GetTerminalPostmanPackTest"/>
  <testcase name="testDeleteTerminalPostmanPackById" time="0.013" classname="com.yungui.kdybg.apis.DeleteTerminalPostmanPackByIdTest"/>
  <testcase name="testGetTerminalPostmanPackById" time="0.014" classname="com.yungui.kdybg.apis.GetTerminalPostmanPackByIdTest"/>
  <testcase name="testGetTerminalPostmanPackById" time="0.028" classname="com.yungui.kdybg.apis.GetTerminalPostmanPackByIdTest"/>
  <testcase name="testGetTerminalPostmanPackById" time="0.009" classname="com.yungui.kdybg.apis.GetTerminalPostmanPackByIdTest"/>
  <testcase name="testGetPostmanPackList" time="0.015" classname="com.yungui.kdybg.apis.GetPostmanPackListTest"/>
  <testcase name="testGetPostmanPackList" time="0.009" classname="com.yungui.kdybg.apis.GetPostmanPackListTest"/>
  <testcase name="testGetPostmanPackList" time="0.009" classname="com.yungui.kdybg.apis.GetPostmanPackListTest"/>
  <testcase name="testGetPostmanDeviceList" time="0.829" classname="com.yungui.kdybg.apis.GetPostmanDeviceListTest"/>
  <testcase name="testUserQuery" time="0.324" classname="com.yungui.kdybg.apis.UserQueryTest"/>
  <testcase name="testGetPreOpenTime" time="0.271" classname="com.yungui.kdybg.apis.GetPreOpenTimeByDeviceIdAndTerminalCodesTest">
    <failure type="com.alibaba.dubbo.rpc.service.GenericException" message="java.lang.NullPointerException
java.lang.NullPointerException
	at com.yung.kdybg.dubbo.impl.TerminalPostmanPackDubboServiceImpl.getPreOpenTimeByDeviceIdAndTerminalCodes(TerminalPostmanPackDubboServiceImpl.java:720)
	at com.alibaba.dubbo.common.bytecode.Wrapper19.invokeMethod(Wrapper19.java)
	at com.alibaba.dubbo.rpc.proxy.javassist.JavassistProxyFactory$1.doInvoke(JavassistProxyFactory.java:46)
	at com.alibaba.dubbo.rpc.proxy.AbstractProxyInvoker.invoke(AbstractProxyInvoker.java:72)
	at com.alibaba.dubbo.rpc.protocol.InvokerWrapper.invoke(InvokerWrapper.java:53)
	at com.yung.tracer.DubboLogFilter.invoke(DubboLogFilter.java:42)
	at com.alibaba.dubbo.rpc.protocol.ProtocolFilterWrapper$1.invoke(ProtocolFilterWrapper.java:91)
	at com.yung.tracer.TracerFilter.invoke(TracerFilter.java:39)
	at com.alibaba.dubbo.rpc.protocol.ProtocolFilterWrapper$1.invoke(ProtocolFilterWrapper.java:91)
	at com.alibaba.dubbo.rpc.filter.ExceptionFilter.invoke(ExceptionFilter.java:64)
	at com.alibaba.dubbo.rpc.protocol.ProtocolFilterWrapper$1.invoke(ProtocolFilterWrapper.java:91)
	at com.alibaba.dubbo.monitor.support.MonitorFilter.invoke(MonitorFilter.java:75)
	at com.alibaba.dubbo.rpc.protocol.ProtocolFilterWrapper$1.invoke(ProtocolFilterWrapper.java:91)
	at com.alibaba.dubbo.rpc.filter.TimeoutFilter.invoke(TimeoutFilter.java:42)
	at com.alibaba.dubbo.rpc.protocol.ProtocolFilterWrapper$1.invoke(ProtocolFilterWrapper.java:91)
	at com.alibaba.dubbo.rpc.protocol.dubbo.filter.TraceFilter.invoke(TraceFilter.java:78)
	at com.alibaba.dubbo.rpc.protocol.ProtocolFilterWrapper$1.invoke(ProtocolFilterWrapper.java:91)
	at net.dubboclub.catmonitor.CatTransaction.invoke(CatTransaction.java:59)
	at com.alibaba.dubbo.rpc.protocol.ProtocolFilterWrapper$1.invoke(ProtocolFilterWrapper.java:91)
	at com.alibaba.dubbo.rpc.filter.ContextFilter.invoke(ContextFilter.java:70)
	at com.alibaba.dubbo.rpc.protocol.ProtocolFilterWrapper$1.invoke(ProtocolFilterWrapper.java:91)
	at com.alibaba.dubbo.rpc.filter.GenericFilter.invoke(GenericFilter.java:106)
	at com.alibaba.dubbo.rpc.protocol.ProtocolFilterWrapper$1.invoke(ProtocolFilterWrapper.java:91)
	at com.alibaba.dubbo.rpc.filter.ClassLoaderFilter.invoke(ClassLoaderFilter.java:38)
	at com.alibaba.dubbo.rpc.protocol.ProtocolFilterWrapper$1.invoke(ProtocolFilterWrapper.java:91)
	at com.alibaba.dubbo.rpc.filter.EchoFilter.invoke(EchoFilter.java:38)
	at com.alibaba.dubbo.rpc.protocol.ProtocolFilterWrapper$1.invoke(ProtocolFilterWrapper.java:91)
	at com.alibaba.dubbo.rpc.protocol.dubbo.DubboProtocol$1.reply(DubboProtocol.java:113)
	at com.alibaba.dubbo.remoting.exchange.support.header.HeaderExchangeHandler.handleRequest(HeaderExchangeHandler.java:84)
	at com.alibaba.dubbo.remoting.exchange.support.header.HeaderExchangeHandler.received(HeaderExchangeHandler.java:170)
	at com.alibaba.dubbo.remoting.transport.DecodeHandler.received(DecodeHandler.java:52)
	at com.alibaba.dubbo.remoting.transport.dispatcher.ChannelEventRunnable.run(ChannelEventRunnable.java:82)
	at java.util.concurrent.ThreadPoolExecutor.runWorker(ThreadPoolExecutor.java:1142)
	at java.util.concurrent.ThreadPoolExecutor$Worker.run(ThreadPoolExecutor.java:617)
	at java.lang.Thread.run(Thread.java:745)
">
      <![CDATA[com.alibaba.dubbo.rpc.service.GenericException: java.lang.NullPointerExceptionjava.lang.NullPointerExceptionat com.yung.kdybg.dubbo.impl.TerminalPostmanPackDubboServiceImpl.getPreOpenTimeByDeviceIdAndTerminalCodes(TerminalPostmanPackDubboServiceImpl.java:720)at com.alibaba.dubbo.common.bytecode.Wrapper19.invokeMethod(Wrapper19.java)at com.alibaba.dubbo.rpc.proxy.javassist.JavassistProxyFactory$1.doInvoke(JavassistProxyFactory.java:46)at com.alibaba.dubbo.rpc.proxy.AbstractProxyInvoker.invoke(AbstractProxyInvoker.java:72)at com.alibaba.dubbo.rpc.protocol.InvokerWrapper.invoke(InvokerWrapper.java:53)at com.yung.tracer.DubboLogFilter.invoke(DubboLogFilter.java:42)at com.alibaba.dubbo.rpc.protocol.ProtocolFilterWrapper$1.invoke(ProtocolFilterWrapper.java:91)at com.yung.tracer.TracerFilter.invoke(TracerFilter.java:39)at com.alibaba.dubbo.rpc.protocol.ProtocolFilterWrapper$1.invoke(ProtocolFilterWrapper.java:91)at com.alibaba.dubbo.rpc.filter.ExceptionFilter.invoke(ExceptionFilter.java:64)at com.alibaba.dubbo.rpc.protocol.ProtocolFilterWrapper$1.invoke(ProtocolFilterWrapper.java:91)at com.alibaba.dubbo.monitor.support.MonitorFilter.invoke(MonitorFilter.java:75)at com.alibaba.dubbo.rpc.protocol.ProtocolFilterWrapper$1.invoke(ProtocolFilterWrapper.java:91)at com.alibaba.dubbo.rpc.filter.TimeoutFilter.invoke(TimeoutFilter.java:42)at com.alibaba.dubbo.rpc.protocol.ProtocolFilterWrapper$1.invoke(ProtocolFilterWrapper.java:91)at com.alibaba.dubbo.rpc.protocol.dubbo.filter.TraceFilter.invoke(TraceFilter.java:78)at com.alibaba.dubbo.rpc.protocol.ProtocolFilterWrapper$1.invoke(ProtocolFilterWrapper.java:91)at net.dubboclub.catmonitor.CatTransaction.invoke(CatTransaction.java:59)at com.alibaba.dubbo.rpc.protocol.ProtocolFilterWrapper$1.invoke(ProtocolFilterWrapper.java:91)at com.alibaba.dubbo.rpc.filter.ContextFilter.invoke(ContextFilter.java:70)at com.alibaba.dubbo.rpc.protocol.ProtocolFilterWrapper$1.invoke(ProtocolFilterWrapper.java:91)at com.alibaba.dubbo.rpc.filter.GenericFilter.invoke(GenericFilter.java:106)at com.alibaba.dubbo.rpc.protocol.ProtocolFilterWrapper$1.invoke(ProtocolFilterWrapper.java:91)at com.alibaba.dubbo.rpc.filter.ClassLoaderFilter.invoke(ClassLoaderFilter.java:38)at com.alibaba.dubbo.rpc.protocol.ProtocolFilterWrapper$1.invoke(ProtocolFilterWrapper.java:91)at com.alibaba.dubbo.rpc.filter.EchoFilter.invoke(EchoFilter.java:38)at com.alibaba.dubbo.rpc.protocol.ProtocolFilterWrapper$1.invoke(ProtocolFilterWrapper.java:91)at com.alibaba.dubbo.rpc.protocol.dubbo.DubboProtocol$1.reply(DubboProtocol.java:113)at com.alibaba.dubbo.remoting.exchange.support.header.HeaderExchangeHandler.handleRequest(HeaderExchangeHandler.java:84)at com.alibaba.dubbo.remoting.exchange.support.header.HeaderExchangeHandler.received(HeaderExchangeHandler.java:170)at com.alibaba.dubbo.remoting.transport.DecodeHandler.received(DecodeHandler.java:52)at com.alibaba.dubbo.remoting.transport.dispatcher.ChannelEventRunnable.run(ChannelEventRunnable.java:82)at java.util.concurrent.ThreadPoolExecutor.runWorker(ThreadPoolExecutor.java:1142)at java.util.concurrent.ThreadPoolExecutor$Worker.run(ThreadPoolExecutor.java:617)at java.lang.Thread.run(Thread.java:745)at com.alibaba.dubbo.rpc.filter.GenericFilter.invoke(GenericFilter.java:109)at com.alibaba.dubbo.rpc.protocol.ProtocolFilterWrapper$1.invoke(ProtocolFilterWrapper.java:91)at com.alibaba.dubbo.rpc.filter.ClassLoaderFilter.invoke(ClassLoaderFilter.java:38)at com.alibaba.dubbo.rpc.protocol.ProtocolFilterWrapper$1.invoke(ProtocolFilterWrapper.java:91)at com.alibaba.dubbo.rpc.filter.EchoFilter.invoke(EchoFilter.java:38)at com.alibaba.dubbo.rpc.protocol.ProtocolFilterWrapper$1.invoke(ProtocolFilterWrapper.java:91)at com.alibaba.dubbo.rpc.protocol.dubbo.DubboProtocol$1.reply(DubboProtocol.java:113)at com.alibaba.dubbo.remoting.exchange.support.header.HeaderExchangeHandler.handleRequest(HeaderExchangeHandler.java:84)at com.alibaba.dubbo.remoting.exchange.support.header.HeaderExchangeHandler.received(HeaderExchangeHandler.java:170)at com.alibaba.dubbo.remoting.transport.DecodeHandler.received(DecodeHandler.java:52)at com.alibaba.dubbo.remoting.transport.dispatcher.ChannelEventRunnable.run(ChannelEventRunnable.java:82)at java.util.concurrent.ThreadPoolExecutor.runWorker(ThreadPoolExecutor.java:1142)at java.util.concurrent.ThreadPoolExecutor$Worker.run(ThreadPoolExecutor.java:617)at java.lang.Thread.run(Thread.java:745)]]>
    </failure>
  </testcase> <!-- testGetPreOpenTime -->
  <testcase name="testCreateKdybgOrder" time="0.089" classname="com.yungui.kdybg.apis.CreateKdybgOrderTest"/>
  <testcase name="testCreateKdybgOrder" time="0.077" classname="com.yungui.kdybg.apis.CreateKdybgOrderTest"/>
  <testcase name="testCreateKdybgOrder" time="0.024" classname="com.yungui.kdybg.apis.CreateKdybgOrderTest"/>
  <testcase name="testCreateKdybgOrder" time="0.016" classname="com.yungui.kdybg.apis.CreateKdybgOrderTest"/>
</testsuite> <!-- kdybg api test -->
