<?xml version="1.0" encoding="UTF-8"?>
<!-- Generated by org.testng.reporters.JUnitXMLReporter -->
<testsuite hostname="WIN-BTTDSHHJH2I" ignored="0" name="Default test" tests="5" failures="0" timestamp="28 十二月 2017 01:22:42 GMT" time="2.217" errors="0">
  <testcase name="testSearchBook" time="0.412" classname="com.yungui.api.SearchBookApiTest"/>
  <testcase name="testSearchBook" time="0.028" classname="com.yungui.api.SearchBookApiTest"/>
  <testcase name="testSearchBook" time="0.019" classname="com.yungui.api.SearchBookApiTest"/>
  <testcase name="testSearchBook" time="0.015" classname="com.yungui.api.SearchBookApiTest"/>
  <testcase name="testSearchBookWithoutUser" time="0.025" classname="com.yungui.api.SearchBookApiTest"/>
</testsuite> <!-- Default test -->
