<?xml version="1.0" encoding="UTF-8"?>
<!-- Generated by org.testng.reporters.JUnitXMLReporter -->
<testsuite hostname="WIN-BTTDSHHJH2I" ignored="0" name="Default test" tests="2" failures="0" timestamp="09 十一月 2018 08:52:51 GMT" time="1.44" errors="0">
  <testcase name="testCreateKdybgOrder" time="1.369" classname="com.yungui.apis.CreateKdybgOrderTest"/>
  <testcase name="testCreateKdybgOrder" time="0.021" classname="com.yungui.apis.CreateKdybgOrderTest"/>
</testsuite> <!-- Default test -->
