<?xml version="1.0" encoding="UTF-8"?>
<!-- Generated by org.testng.reporters.JUnitXMLReporter -->
<testsuite hostname="WIN-BTTDSHHJH2I" ignored="0" name="api test" tests="18" failures="1" timestamp="13 十一月 2018 09:11:43 GMT" time="6.472" errors="0">
  <testcase name="testCreateKdybgOrder" time="1.383" classname="com.yungui.apis.CreateKdybgOrderTest"/>
  <testcase name="testCreateKdybgOrder" time="0.01" classname="com.yungui.apis.CreateKdybgOrderTest"/>
  <testcase name="testDelDeviceIntend" time="0.301" classname="com.yungui.apis.DelDeviceIntendTest"/>
  <testcase name="testDelDeviceIntend" time="0.017" classname="com.yungui.apis.DelDeviceIntendTest"/>
  <testcase name="testUpdateIsNotPackedByDeviceIdAndTerminalCode" time="0.012" classname="com.yungui.apis.UpdateIsNotPackedByDeviceIdAndTerminalCodeTest"/>
  <testcase name="testUpdateIsNotPackedByDeviceIdAndTerminalCode" time="0.008" classname="com.yungui.apis.UpdateIsNotPackedByDeviceIdAndTerminalCodeTest"/>
  <testcase name="testUserQuery" time="0.37" classname="com.yungui.apis.UserQueryTest"/>
  <testcase name="testSynchroDataToChinanetException" time="3.304" classname="com.yungui.apis.SynchroDataToChinanetExceptionTest">
    <failure type="com.alibaba.dubbo.rpc.RpcException" message="Failed to invoke the method $invoke in the service com.alibaba.dubbo.rpc.service.GenericService. Tried 3 times of the providers [10.1.166.115:20880] (1/1) from the registry 10.1.166.97:2181 on the consumer 10.1.131.154 using the dubbo version 2.8.4. Last error is: Invoke remote method timeout. method: $invoke, provider: dubbo://10.1.166.115:20880/com.yung.kdybg.service.ChinanetExceptionDubboService?anyhost=true&amp;amp;application=consumer-test&amp;amp;check=false&amp;amp;default.service.filter=dubboProviderFilter&amp;amp;dubbo=2.8.4&amp;amp;generic=true&amp;amp;interface=com.yung.kdybg.service.ChinanetExceptionDubboService&amp;amp;methods=getChinanetExceptionTerminalByDoorIds,synchroDataToChinanetException,getChinanetExceptionList,getChinanetExceptionTerminal,releaseChinanetExceptionTerminal&amp;amp;module=kdybg-springboot&amp;amp;pid=5936&amp;amp;revision=1.0.0-SNAPSHOT&amp;amp;serverApplicationName=kdybg-springboot&amp;amp;side=consumer&amp;amp;timestamp=1542100299579&amp;amp;version=1.0.0, cause: Waiting server-side response timeout. start time: 2018-11-13 17:11:41.878, end time: 2018-11-13 17:11:42.879, client elapsed: 0 ms, server elapsed: 1001 ms, timeout: 1000 ms, request: Request [id=9, version=2.0.0, twoway=true, event=false, broken=false, data=RpcInvocation [methodName=$invoke, parameterTypes=[class java.lang.String, class [Ljava.lang.String;, class [Ljava.lang.Object;], arguments=[synchroDataToChinanetException, [Ljava.lang.String;@ba3208, [Ljava.lang.Object;@18a3b2e], attachments={path=com.yung.kdybg.service.ChinanetExceptionDubboService, interface=com.yung.kdybg.service.ChinanetExceptionDubboService, version=1.0.0, generic=true}]], channel: /10.1.131.154:3689 -&amp;gt; /10.1.166.115:20880">
      <![CDATA[com.alibaba.dubbo.rpc.RpcException: Failed to invoke the method $invoke in the service com.alibaba.dubbo.rpc.service.GenericService. Tried 3 times of the providers [10.1.166.115:20880] (1/1) from the registry 10.1.166.97:2181 on the consumer 10.1.131.154 using the dubbo version 2.8.4. Last error is: Invoke remote method timeout. method: $invoke, provider: dubbo://10.1.166.115:20880/com.yung.kdybg.service.ChinanetExceptionDubboService?anyhost=true&application=consumer-test&check=false&default.service.filter=dubboProviderFilter&dubbo=2.8.4&generic=true&interface=com.yung.kdybg.service.ChinanetExceptionDubboService&methods=getChinanetExceptionTerminalByDoorIds,synchroDataToChinanetException,getChinanetExceptionList,getChinanetExceptionTerminal,releaseChinanetExceptionTerminal&module=kdybg-springboot&pid=5936&revision=1.0.0-SNAPSHOT&serverApplicationName=kdybg-springboot&side=consumer&timestamp=1542100299579&version=1.0.0, cause: Waiting server-side response timeout. start time: 2018-11-13 17:11:41.878, end time: 2018-11-13 17:11:42.879, client elapsed: 0 ms, server elapsed: 1001 ms, timeout: 1000 ms, request: Request [id=9, version=2.0.0, twoway=true, event=false, broken=false, data=RpcInvocation [methodName=$invoke, parameterTypes=[class java.lang.String, class [Ljava.lang.String;, class [Ljava.lang.Object;], arguments=[synchroDataToChinanetException, [Ljava.lang.String;@ba3208, [Ljava.lang.Object;@18a3b2e], attachments={path=com.yung.kdybg.service.ChinanetExceptionDubboService, interface=com.yung.kdybg.service.ChinanetExceptionDubboService, version=1.0.0, generic=true}]], channel: /10.1.131.154:3689 -> /10.1.166.115:20880at com.alibaba.dubbo.rpc.cluster.support.FailoverClusterInvoker.doInvoke(FailoverClusterInvoker.java:101)at com.alibaba.dubbo.rpc.cluster.support.AbstractClusterInvoker.invoke(AbstractClusterInvoker.java:227)at com.alibaba.dubbo.rpc.cluster.support.wrapper.MockClusterInvoker.invoke(MockClusterInvoker.java:72)at com.alibaba.dubbo.rpc.proxy.InvokerInvocationHandler.invoke(InvokerInvocationHandler.java:52)at com.alibaba.dubbo.common.bytecode.proxy3.$invoke(proxy3.java)at com.yungui.utils.DubboCallbackUtil.invoke(DubboCallbackUtil.java:120)at com.yungui.apis.SynchroDataToChinanetExceptionTest.testSynchroDataToChinanetException(SynchroDataToChinanetExceptionTest.java:35)at sun.reflect.NativeMethodAccessorImpl.invoke0(Native Method)at sun.reflect.NativeMethodAccessorImpl.invoke(NativeMethodAccessorImpl.java:62)at sun.reflect.DelegatingMethodAccessorImpl.invoke(DelegatingMethodAccessorImpl.java:43)at java.lang.reflect.Method.invoke(Method.java:498)at org.testng.internal.MethodInvocationHelper.invokeMethod(MethodInvocationHelper.java:124)at org.testng.internal.Invoker.invokeMethod(Invoker.java:571)at org.testng.internal.Invoker.invokeTestMethod(Invoker.java:707)at org.testng.internal.Invoker.invokeTestMethods(Invoker.java:979)at org.testng.internal.TestMethodWorker.invokeTestMethods(TestMethodWorker.java:125)at org.testng.internal.TestMethodWorker.run(TestMethodWorker.java:109)at org.testng.TestRunner.privateRun(TestRunner.java:648)at org.testng.TestRunner.run(TestRunner.java:505)at org.testng.SuiteRunner.runTest(SuiteRunner.java:455)at org.testng.SuiteRunner.runSequentially(SuiteRunner.java:450)at org.testng.SuiteRunner.privateRun(SuiteRunner.java:415)at org.testng.SuiteRunner.run(SuiteRunner.java:364)at org.testng.SuiteRunnerWorker.runSuite(SuiteRunnerWorker.java:52)at org.testng.SuiteRunnerWorker.run(SuiteRunnerWorker.java:84)at org.testng.TestNG.runSuitesSequentially(TestNG.java:1187)at org.testng.TestNG.runSuitesLocally(TestNG.java:1116)at org.testng.TestNG.runSuites(TestNG.java:1028)at org.testng.TestNG.run(TestNG.java:996)at org.testng.remote.AbstractRemoteTestNG.run(AbstractRemoteTestNG.java:114)at org.testng.remote.RemoteTestNG.initAndRun(RemoteTestNG.java:251)at org.testng.remote.RemoteTestNG.main(RemoteTestNG.java:77)Caused by: com.alibaba.dubbo.remoting.TimeoutException: Waiting server-side response timeout. start time: 2018-11-13 17:11:41.878, end time: 2018-11-13 17:11:42.879, client elapsed: 0 ms, server elapsed: 1001 ms, timeout: 1000 ms, request: Request [id=9, version=2.0.0, twoway=true, event=false, broken=false, data=RpcInvocation [methodName=$invoke, parameterTypes=[class java.lang.String, class [Ljava.lang.String;, class [Ljava.lang.Object;], arguments=[synchroDataToChinanetException, [Ljava.lang.String;@ba3208, [Ljava.lang.Object;@18a3b2e], attachments={path=com.yung.kdybg.service.ChinanetExceptionDubboService, interface=com.yung.kdybg.service.ChinanetExceptionDubboService, version=1.0.0, generic=true}]], channel: /10.1.131.154:3689 -> /10.1.166.115:20880at com.alibaba.dubbo.remoting.exchange.support.DefaultFuture.get(DefaultFuture.java:107)at com.alibaba.dubbo.remoting.exchange.support.DefaultFuture.get(DefaultFuture.java:84)at com.alibaba.dubbo.rpc.protocol.dubbo.DubboInvoker.doInvoke(DubboInvoker.java:96)at com.alibaba.dubbo.rpc.protocol.AbstractInvoker.invoke(AbstractInvoker.java:144)at com.alibaba.dubbo.rpc.filter.GenericImplFilter.invoke(GenericImplFilter.java:173)at com.alibaba.dubbo.rpc.protocol.ProtocolFilterWrapper$1.invoke(ProtocolFilterWrapper.java:91)at com.alibaba.dubbo.monitor.support.MonitorFilter.invoke(MonitorFilter.java:75)at com.alibaba.dubbo.rpc.protocol.ProtocolFilterWrapper$1.invoke(ProtocolFilterWrapper.java:91)at com.alibaba.dubbo.rpc.protocol.dubbo.filter.FutureFilter.invoke(FutureFilter.java:53)at com.alibaba.dubbo.rpc.protocol.ProtocolFilterWrapper$1.invoke(ProtocolFilterWrapper.java:91)at com.alibaba.dubbo.rpc.filter.ConsumerContextFilter.invoke(ConsumerContextFilter.java:48)at com.alibaba.dubbo.rpc.protocol.ProtocolFilterWrapper$1.invoke(ProtocolFilterWrapper.java:91)at com.alibaba.dubbo.rpc.listener.ListenerInvokerWrapper.invoke(ListenerInvokerWrapper.java:74)at com.alibaba.dubbo.rpc.protocol.InvokerWrapper.invoke(InvokerWrapper.java:53)at com.alibaba.dubbo.rpc.cluster.support.FailoverClusterInvoker.doInvoke(FailoverClusterInvoker.java:77)... 31 more]]>
    </failure>
  </testcase> <!-- testSynchroDataToChinanetException -->
  <testcase name="testMergeConfig" time="0.422" classname="com.yungui.apis.MergeConfigTest"/>
  <testcase name="testGetPreOpenTime" time="0.319" classname="com.yungui.apis.GetPreOpenTimeByDeviceIdAndTerminalCodesTest"/>
  <testcase name="testGetTerminalPostmanPackById" time="0.016" classname="com.yungui.apis.GetTerminalPostmanPackByIdTest"/>
  <testcase name="testGetTerminalPostmanPackById" time="0.008" classname="com.yungui.apis.GetTerminalPostmanPackByIdTest"/>
  <testcase name="testGetTerminalPostmanPackById" time="0.008" classname="com.yungui.apis.GetTerminalPostmanPackByIdTest"/>
  <testcase name="testGetPostmanPackList" time="0.016" classname="com.yungui.apis.GetPostmanPackListTest"/>
  <testcase name="testGetPostmanPackList" time="0.008" classname="com.yungui.apis.GetPostmanPackListTest"/>
  <testcase name="testInitColumnConfigByDeviceId" time="0.138" classname="com.yungui.apis.InitColumnConfigByDeivceIdTest"/>
  <testcase name="testInitColumnConfigByDeviceId" time="0.019" classname="com.yungui.apis.InitColumnConfigByDeivceIdTest"/>
  <testcase name="testInitColumnConfigByDeviceId" time="0.028" classname="com.yungui.apis.InitColumnConfigByDeivceIdTest"/>
</testsuite> <!-- api test -->
