<?xml version="1.0" encoding="UTF-8"?>
<!-- Generated by org.testng.reporters.JUnitXMLReporter -->
<testsuite hostname="WIN-BTTDSHHJH2I" ignored="0" name="Search book api function test" tests="5" failures="0" timestamp="27 十二月 2017 08:51:39 GMT" time="1.044" errors="0">
  <testcase name="testSearchBook" time="0.039" classname="com.yungui.api.SearchBookApiTest"/>
  <testcase name="testSearchBook" time="0.019" classname="com.yungui.api.SearchBookApiTest"/>
  <testcase name="testSearchBook" time="0.024" classname="com.yungui.api.SearchBookApiTest"/>
  <testcase name="testSearchBook" time="0.017" classname="com.yungui.api.SearchBookApiTest"/>
  <testcase name="testSearchBookWithoutUser" time="0.009" classname="com.yungui.api.SearchBookApiTest"/>
</testsuite> <!-- Search book api function test -->
