<?xml version="1.0" encoding="UTF-8"?>
<!-- Generated by org.testng.reporters.JUnitXMLReporter -->
<testsuite hostname="WIN-BTTDSHHJH2I" ignored="0" name="site-service api test" tests="20" failures="0" timestamp="05 十二月 2018 08:35:20 GMT" time="3.413" errors="0">
  <testcase name="testGetCellNumsByUserAccount" time="1.522" classname="com.yungui.site.apis.GetCellNumsByUserAccountTest"/>
  <testcase name="testUploadExceptionCells" time="0.187" classname="com.yungui.site.apis.UploadExceptionCellsTest"/>
  <testcase name="testAllotPostmanCells" time="0.444" classname="com.yungui.site.apis.AllotPostmanCellsTest"/>
  <testcase name="testBreakDeviceByDeviceCode" time="0.212" classname="com.yungui.site.apis.BreakDeviceByDeviceCodeTest"/>
  <testcase name="testCancelCell" time="0.019" classname="com.yungui.site.apis.CancelCellTest"/>
  <testcase name="testCancelDevicePackCell" time="0.032" classname="com.yungui.site.apis.cancelDevicePackCellTest"/>
  <testcase name="testClearDeviceCellItemInfo" time="0.092" classname="com.yungui.site.apis.ClearDeviceCellItemInfoTest"/>
  <testcase name="testGetDeviceCellByCellId" time="0.016" classname="com.yungui.site.apis.GetDeviceCellByCellIdTest"/>
  <testcase name="testGetDeviceCellByCellId" time="0.01" classname="com.yungui.site.apis.GetDeviceCellByCellIdTest"/>
  <testcase name="testGetDeviceCellByCellId" time="0.078" classname="com.yungui.site.apis.GetDeviceCellByCellIdTest"/>
  <testcase name="testGetDevicePackCell" time="0.013" classname="com.yungui.site.apis.GetDevicePackCellTest"/>
  <testcase name="testGetDevicePackCell" time="0.01" classname="com.yungui.site.apis.GetDevicePackCellTest"/>
  <testcase name="testGetDisableCellsByDeviceId" time="0.029" classname="com.yungui.site.apis.GetDisableCellsByDeviceIdTest"/>
  <testcase name="testGetSiteExpressPrices" time="0.048" classname="com.yungui.site.apis.GetSiteExpressPricesTest"/>
  <testcase name="testGetSiteSetBySiteId" time="0.023" classname="com.yungui.site.apis.GetSiteSetBySiteIdTest"/>
  <testcase name="testHeartBeat" time="0.025" classname="com.yungui.site.apis.HeartBeatTest"/>
  <testcase name="testOccupyCell" time="0.023" classname="com.yungui.site.apis.OccupyCellTest"/>
  <testcase name="testOnlineDeviceByDeviceCode" time="0.451" classname="com.yungui.site.apis.OnlineDeviceByDeviceCodeTest"/>
  <testcase name="testReleaseCell" time="0.022" classname="com.yungui.site.apis.ReleaseCellTest"/>
  <testcase name="testUploadDeviceConfig" time="0.036" classname="com.yungui.site.apis.UploadDeviceConfigTest"/>
</testsuite> <!-- site-service api test -->
